C:\USERS\SANGYUN\DOCUMENTS\VISUAL STUDIO 2010\PROJECTS\CHAPTER10\CHAPTER10\DEBUG\CHAPTER10.EXE.EMBED.MANIFEST
C:\USERS\SANGYUN\DOCUMENTS\VISUAL STUDIO 2010\PROJECTS\CHAPTER10\CHAPTER10\DEBUG\CHAPTER10.EXE.EMBED.MANIFEST.RES
C:\USERS\SANGYUN\DOCUMENTS\VISUAL STUDIO 2010\PROJECTS\CHAPTER10\CHAPTER10\DEBUG\CHAPTER10.EXE.INTERMEDIATE.MANIFEST
c:\Users\SangYun\documents\visual studio 2010\Projects\chapter10\chapter10\Debug\chapter10.vcxprojResolveAssemblyReference.cache
c:\Users\SangYun\documents\visual studio 2010\Projects\chapter10\chapter10\Debug\chapter10.write.1.tlog
c:\Users\SangYun\documents\visual studio 2010\Projects\chapter10\chapter10\Debug\chapter10_manifest.rc
c:\Users\SangYun\documents\visual studio 2010\Projects\chapter10\chapter10\Debug\cl.command.1.tlog
c:\Users\SangYun\documents\visual studio 2010\Projects\chapter10\chapter10\Debug\CL.read.1.tlog
c:\Users\SangYun\documents\visual studio 2010\Projects\chapter10\chapter10\Debug\CL.write.1.tlog
c:\Users\SangYun\documents\visual studio 2010\Projects\chapter10\chapter10\Debug\link.11944.read.1.tlog
c:\Users\SangYun\documents\visual studio 2010\Projects\chapter10\chapter10\Debug\link.11944.write.1.tlog
c:\Users\SangYun\documents\visual studio 2010\Projects\chapter10\chapter10\Debug\link.11944-cvtres.read.1.tlog
c:\Users\SangYun\documents\visual studio 2010\Projects\chapter10\chapter10\Debug\link.11944-cvtres.write.1.tlog
c:\Users\SangYun\documents\visual studio 2010\Projects\chapter10\chapter10\Debug\link.12640.read.1.tlog
c:\Users\SangYun\documents\visual studio 2010\Projects\chapter10\chapter10\Debug\link.12640.write.1.tlog
c:\Users\SangYun\documents\visual studio 2010\Projects\chapter10\chapter10\Debug\link.12640-cvtres.read.1.tlog
c:\Users\SangYun\documents\visual studio 2010\Projects\chapter10\chapter10\Debug\link.12640-cvtres.write.1.tlog
c:\Users\SangYun\documents\visual studio 2010\Projects\chapter10\chapter10\Debug\link.command.1.tlog
c:\Users\SangYun\documents\visual studio 2010\Projects\chapter10\chapter10\Debug\link.read.1.tlog
c:\Users\SangYun\documents\visual studio 2010\Projects\chapter10\chapter10\Debug\link.write.1.tlog
c:\Users\SangYun\documents\visual studio 2010\Projects\chapter10\chapter10\Debug\link-cvtres.read.1.tlog
c:\Users\SangYun\documents\visual studio 2010\Projects\chapter10\chapter10\Debug\link-cvtres.write.1.tlog
C:\USERS\SANGYUN\DOCUMENTS\VISUAL STUDIO 2010\PROJECTS\CHAPTER10\CHAPTER10\DEBUG\MINIGAME.OBJ
c:\Users\SangYun\documents\visual studio 2010\Projects\chapter10\chapter10\Debug\mt.command.1.tlog
c:\Users\SangYun\documents\visual studio 2010\Projects\chapter10\chapter10\Debug\mt.read.1.tlog
c:\Users\SangYun\documents\visual studio 2010\Projects\chapter10\chapter10\Debug\mt.write.1.tlog
c:\Users\SangYun\documents\visual studio 2010\Projects\chapter10\chapter10\Debug\rc.command.1.tlog
c:\Users\SangYun\documents\visual studio 2010\Projects\chapter10\chapter10\Debug\rc.read.1.tlog
c:\Users\SangYun\documents\visual studio 2010\Projects\chapter10\chapter10\Debug\rc.write.1.tlog
C:\USERS\SANGYUN\DOCUMENTS\VISUAL STUDIO 2010\PROJECTS\CHAPTER10\CHAPTER10\DEBUG\THREAD.OBJ
c:\Users\SangYun\documents\visual studio 2010\Projects\chapter10\chapter10\Debug\vc100.idb
C:\USERS\SANGYUN\DOCUMENTS\VISUAL STUDIO 2010\PROJECTS\CHAPTER10\CHAPTER10\DEBUG\VC100.PDB
C:\USERS\SANGYUN\DOCUMENTS\VISUAL STUDIO 2010\PROJECTS\CHAPTER10\DEBUG\CHAPTER10.EXE
C:\USERS\SANGYUN\DOCUMENTS\VISUAL STUDIO 2010\PROJECTS\CHAPTER10\DEBUG\CHAPTER10.ILK
C:\USERS\SANGYUN\DOCUMENTS\VISUAL STUDIO 2010\PROJECTS\CHAPTER10\DEBUG\CHAPTER10.PDB
